<?xml version="1.0" encoding="UTF-8"?>
<!-- Generated by org.testng.reporters.JUnitReportReporter -->
<testsuite skipped="0" hostname="CHEWKS112751" name="com.qa.crm.TestCase.LoginPageTestCase" tests="3" failures="0" timestamp="22 Jul 2019 10:07:19 GMT" time="46.222" errors="0">
  <testcase name="LoginPageTitleTestCase" time="12.502" classname="com.qa.crm.TestCase.LoginPageTestCase"/>
  <testcase name="crmImageTest" time="12.909" classname="com.qa.crm.TestCase.LoginPageTestCase"/>
  <testcase name="loginTest" time="20.811" classname="com.qa.crm.TestCase.LoginPageTestCase"/>
</testsuite> <!-- com.qa.crm.TestCase.LoginPageTestCase -->
